{"contracts/disperse/Disperse.sol":{"l":{"10":4,"11":4,"12":4,"13":4,"17":2,"19":2,"20":4,"21":4,"24":2,"25":2,"26":1,"27":1,"36":1,"37":1,"38":1,"39":1,"47":1,"48":2},"path":"/Users/andresaiello/git/zeta/zetachain/packages/zevm-app-contracts/contracts/disperse/Disperse.sol","s":{"1":4,"2":4,"3":4,"4":2,"5":2,"6":4,"7":4,"8":2,"9":2,"10":1,"11":1,"12":1,"13":1,"14":2,"15":1,"16":1,"17":2,"18":1,"19":2},"b":{"1":[4,0],"2":[2,0],"3":[4,0],"4":[1,1],"5":[1,0],"6":[1,0],"7":[2,0],"8":[2,0]},"f":{"1":4,"2":2,"3":1,"4":1},"fnMap":{"1":{"name":"noReentrancy","line":9,"loc":{"start":{"line":9,"column":4},"end":{"line":14,"column":4}}},"2":{"name":"disperseEther","line":16,"loc":{"start":{"line":16,"column":4},"end":{"line":29,"column":4}}},"3":{"name":"disperseToken","line":35,"loc":{"start":{"line":31,"column":4},"end":{"line":40,"column":4}}},"4":{"name":"disperseTokenSimple","line":46,"loc":{"start":{"line":42,"column":4},"end":{"line":49,"column":4}}}},"statementMap":{"1":{"start":{"line":10,"column":8},"end":{"line":10,"column":40}},"2":{"start":{"line":11,"column":8},"end":{"line":11,"column":20}},"3":{"start":{"line":13,"column":8},"end":{"line":13,"column":21}},"4":{"start":{"line":17,"column":8},"end":{"line":17,"column":91}},"5":{"start":{"line":19,"column":8},"end":{"line":19,"column":526}},"6":{"start":{"line":20,"column":12},"end":{"line":20,"column":77}},"7":{"start":{"line":21,"column":12},"end":{"line":21,"column":48}},"8":{"start":{"line":24,"column":8},"end":{"line":24,"column":47}},"9":{"start":{"line":25,"column":8},"end":{"line":25,"column":774}},"10":{"start":{"line":26,"column":12},"end":{"line":26,"column":72}},"11":{"start":{"line":27,"column":12},"end":{"line":27,"column":60}},"12":{"start":{"line":36,"column":8},"end":{"line":36,"column":25}},"13":{"start":{"line":37,"column":8},"end":{"line":37,"column":74}},"14":{"start":{"line":37,"column":56},"end":{"line":37,"column":73}},"15":{"start":{"line":38,"column":8},"end":{"line":38,"column":68}},"16":{"start":{"line":39,"column":8},"end":{"line":39,"column":105}},"17":{"start":{"line":39,"column":56},"end":{"line":39,"column":104}},"18":{"start":{"line":47,"column":8},"end":{"line":47,"column":1624}},"19":{"start":{"line":48,"column":12},"end":{"line":48,"column":76}}},"branchMap":{"1":{"line":10,"type":"if","locations":[{"start":{"line":10,"column":8},"end":{"line":10,"column":8}},{"start":{"line":10,"column":8},"end":{"line":10,"column":8}}]},"2":{"line":17,"type":"if","locations":[{"start":{"line":17,"column":8},"end":{"line":17,"column":8}},{"start":{"line":17,"column":8},"end":{"line":17,"column":8}}]},"3":{"line":21,"type":"if","locations":[{"start":{"line":21,"column":12},"end":{"line":21,"column":12}},{"start":{"line":21,"column":12},"end":{"line":21,"column":12}}]},"4":{"line":25,"type":"if","locations":[{"start":{"line":25,"column":8},"end":{"line":25,"column":8}},{"start":{"line":25,"column":8},"end":{"line":25,"column":8}}]},"5":{"line":27,"type":"if","locations":[{"start":{"line":27,"column":12},"end":{"line":27,"column":12}},{"start":{"line":27,"column":12},"end":{"line":27,"column":12}}]},"6":{"line":38,"type":"if","locations":[{"start":{"line":38,"column":8},"end":{"line":38,"column":8}},{"start":{"line":38,"column":8},"end":{"line":38,"column":8}}]},"7":{"line":39,"type":"if","locations":[{"start":{"line":39,"column":56},"end":{"line":39,"column":56}},{"start":{"line":39,"column":56},"end":{"line":39,"column":56}}]},"8":{"line":48,"type":"if","locations":[{"start":{"line":48,"column":12},"end":{"line":48,"column":12}},{"start":{"line":48,"column":12},"end":{"line":48,"column":12}}]}}},"contracts/liquidity-incentives/RewardDistributor.sol":{"l":{"42":25,"43":25,"44":25,"48":16,"49":16,"50":16,"51":16,"52":16,"53":16,"55":16,"56":16,"57":16,"58":16,"60":16,"71":16,"78":35,"81":35,"86":35,"88":35,"89":11,"91":35,"95":16,"96":16,"99":16,"104":16,"105":16,"107":16,"108":1,"111":16,"112":16,"113":16,"114":16,"118":3,"119":3,"123":7,"124":7,"128":1,"129":1,"130":1,"131":1,"135":5,"136":4,"140":6,"141":2},"path":"/Users/andresaiello/git/zeta/zetachain/packages/zevm-app-contracts/contracts/liquidity-incentives/RewardDistributor.sol","s":{"1":25,"2":25,"3":25,"4":16,"5":16,"6":16,"7":16,"8":16,"9":16,"10":16,"11":16,"12":16,"13":16,"14":16,"15":16,"16":35,"17":35,"18":35,"19":35,"20":11,"21":35,"22":16,"23":16,"24":16,"25":16,"26":16,"27":16,"28":1,"29":16,"30":16,"31":16,"32":16,"33":3,"34":3,"35":7,"36":7,"37":1,"38":1,"39":1,"40":1,"41":5,"42":4,"43":6,"44":2},"b":{"1":[0,16],"2":[0,16],"3":[0,16],"4":[0,16],"5":[0,16],"6":[11,24],"7":[0,16],"8":[0,16],"9":[1,15],"10":[0,1],"11":[1,4],"12":[4,2]},"f":{"1":25,"2":16,"3":35,"4":16,"5":3,"6":7,"7":1,"8":5,"9":6},"fnMap":{"1":{"name":"constructor","line":41,"loc":{"start":{"line":33,"column":4},"end":{"line":45,"column":4}}},"2":{"name":"_addLiquidity","line":47,"loc":{"start":{"line":47,"column":4},"end":{"line":72,"column":4}}},"3":{"name":"otherTokenByAmount","line":77,"loc":{"start":{"line":77,"column":4},"end":{"line":92,"column":4}}},"4":{"name":"addLiquidityAndStake","line":94,"loc":{"start":{"line":94,"column":4},"end":{"line":115,"column":4}}},"5":{"name":"setMinCoolDown","line":117,"loc":{"start":{"line":117,"column":4},"end":{"line":120,"column":4}}},"6":{"name":"setMinStakingPeriod","line":122,"loc":{"start":{"line":122,"column":4},"end":{"line":125,"column":4}}},"7":{"name":"stake","line":127,"loc":{"start":{"line":127,"column":4},"end":{"line":132,"column":4}}},"8":{"name":"beginCoolDown","line":134,"loc":{"start":{"line":134,"column":4},"end":{"line":137,"column":4}}},"9":{"name":"withdraw","line":139,"loc":{"start":{"line":139,"column":4},"end":{"line":142,"column":4}}}},"statementMap":{"1":{"start":{"line":42,"column":8},"end":{"line":42,"column":45}},"2":{"start":{"line":43,"column":8},"end":{"line":43,"column":45}},"3":{"start":{"line":44,"column":8},"end":{"line":44,"column":55}},"4":{"start":{"line":48,"column":8},"end":{"line":48,"column":91}},"5":{"start":{"line":49,"column":8},"end":{"line":49,"column":46}},"6":{"start":{"line":50,"column":8},"end":{"line":50,"column":90}},"7":{"start":{"line":51,"column":8},"end":{"line":51,"column":44}},"8":{"start":{"line":52,"column":8},"end":{"line":52,"column":95}},"9":{"start":{"line":53,"column":8},"end":{"line":53,"column":44}},"10":{"start":{"line":55,"column":8},"end":{"line":55,"column":85}},"11":{"start":{"line":56,"column":8},"end":{"line":56,"column":46}},"12":{"start":{"line":57,"column":8},"end":{"line":57,"column":95}},"13":{"start":{"line":58,"column":8},"end":{"line":58,"column":44}},"14":{"start":{"line":60,"column":8},"end":{"line":60,"column":2467}},"15":{"start":{"line":71,"column":8},"end":{"line":71,"column":28}},"16":{"start":{"line":78,"column":8},"end":{"line":78,"column":3208}},"17":{"start":{"line":81,"column":8},"end":{"line":81,"column":3331}},"18":{"start":{"line":86,"column":8},"end":{"line":86,"column":103}},"19":{"start":{"line":88,"column":8},"end":{"line":88,"column":3693}},"20":{"start":{"line":89,"column":12},"end":{"line":89,"column":80}},"21":{"start":{"line":91,"column":8},"end":{"line":91,"column":58}},"22":{"start":{"line":95,"column":8},"end":{"line":95,"column":49}},"23":{"start":{"line":96,"column":8},"end":{"line":96,"column":4017}},"24":{"start":{"line":99,"column":8},"end":{"line":99,"column":4140}},"25":{"start":{"line":104,"column":8},"end":{"line":104,"column":78}},"26":{"start":{"line":105,"column":8},"end":{"line":105,"column":75}},"27":{"start":{"line":107,"column":8},"end":{"line":107,"column":4481}},"28":{"start":{"line":108,"column":12},"end":{"line":108,"column":66}},"29":{"start":{"line":111,"column":8},"end":{"line":111,"column":48}},"30":{"start":{"line":112,"column":8},"end":{"line":112,"column":53}},"31":{"start":{"line":113,"column":8},"end":{"line":113,"column":71}},"32":{"start":{"line":114,"column":8},"end":{"line":114,"column":40}},"33":{"start":{"line":118,"column":8},"end":{"line":118,"column":33}},"34":{"start":{"line":119,"column":8},"end":{"line":119,"column":57}},"35":{"start":{"line":123,"column":8},"end":{"line":123,"column":43}},"36":{"start":{"line":124,"column":8},"end":{"line":124,"column":67}},"37":{"start":{"line":128,"column":8},"end":{"line":128,"column":49}},"38":{"start":{"line":129,"column":8},"end":{"line":129,"column":48}},"39":{"start":{"line":130,"column":8},"end":{"line":130,"column":53}},"40":{"start":{"line":131,"column":8},"end":{"line":131,"column":26}},"41":{"start":{"line":135,"column":8},"end":{"line":135,"column":109}},"42":{"start":{"line":136,"column":8},"end":{"line":136,"column":65}},"43":{"start":{"line":140,"column":8},"end":{"line":140,"column":93}},"44":{"start":{"line":141,"column":8},"end":{"line":141,"column":29}}},"branchMap":{"1":{"line":49,"type":"if","locations":[{"start":{"line":49,"column":8},"end":{"line":49,"column":8}},{"start":{"line":49,"column":8},"end":{"line":49,"column":8}}]},"2":{"line":51,"type":"if","locations":[{"start":{"line":51,"column":8},"end":{"line":51,"column":8}},{"start":{"line":51,"column":8},"end":{"line":51,"column":8}}]},"3":{"line":53,"type":"if","locations":[{"start":{"line":53,"column":8},"end":{"line":53,"column":8}},{"start":{"line":53,"column":8},"end":{"line":53,"column":8}}]},"4":{"line":56,"type":"if","locations":[{"start":{"line":56,"column":8},"end":{"line":56,"column":8}},{"start":{"line":56,"column":8},"end":{"line":56,"column":8}}]},"5":{"line":58,"type":"if","locations":[{"start":{"line":58,"column":8},"end":{"line":58,"column":8}},{"start":{"line":58,"column":8},"end":{"line":58,"column":8}}]},"6":{"line":88,"type":"if","locations":[{"start":{"line":88,"column":8},"end":{"line":88,"column":8}},{"start":{"line":88,"column":8},"end":{"line":88,"column":8}}]},"7":{"line":95,"type":"if","locations":[{"start":{"line":95,"column":8},"end":{"line":95,"column":8}},{"start":{"line":95,"column":8},"end":{"line":95,"column":8}}]},"8":{"line":104,"type":"if","locations":[{"start":{"line":104,"column":8},"end":{"line":104,"column":8}},{"start":{"line":104,"column":8},"end":{"line":104,"column":8}}]},"9":{"line":107,"type":"if","locations":[{"start":{"line":107,"column":8},"end":{"line":107,"column":8}},{"start":{"line":107,"column":8},"end":{"line":107,"column":8}}]},"10":{"line":128,"type":"if","locations":[{"start":{"line":128,"column":8},"end":{"line":128,"column":8}},{"start":{"line":128,"column":8},"end":{"line":128,"column":8}}]},"11":{"line":135,"type":"if","locations":[{"start":{"line":135,"column":8},"end":{"line":135,"column":8}},{"start":{"line":135,"column":8},"end":{"line":135,"column":8}}]},"12":{"line":140,"type":"if","locations":[{"start":{"line":140,"column":8},"end":{"line":140,"column":8}},{"start":{"line":140,"column":8},"end":{"line":140,"column":8}}]}}},"contracts/liquidity-incentives/RewardDistributorFactory.sol":{"l":{"28":60,"29":60,"40":25,"41":25,"43":25,"44":22,"46":25,"51":25,"60":25,"62":25,"73":1,"74":1,"75":3,"77":1},"path":"/Users/andresaiello/git/zeta/zetachain/packages/zevm-app-contracts/contracts/liquidity-incentives/RewardDistributorFactory.sol","s":{"1":60,"2":60,"3":25,"4":25,"5":25,"6":22,"7":25,"8":25,"9":25,"10":25,"11":1,"12":1,"13":3,"14":1},"b":{"1":[25,0],"2":[22,3]},"f":{"1":60,"2":25,"3":1},"fnMap":{"1":{"name":"constructor","line":27,"loc":{"start":{"line":27,"column":4},"end":{"line":30,"column":4}}},"2":{"name":"createTokenIncentive","line":32,"loc":{"start":{"line":32,"column":4},"end":{"line":70,"column":4}}},"3":{"name":"getIncentiveContracts","line":72,"loc":{"start":{"line":72,"column":4},"end":{"line":78,"column":4}}}},"statementMap":{"1":{"start":{"line":28,"column":8},"end":{"line":28,"column":43}},"2":{"start":{"line":29,"column":8},"end":{"line":29,"column":55}},"3":{"start":{"line":40,"column":8},"end":{"line":40,"column":1250}},"4":{"start":{"line":41,"column":12},"end":{"line":41,"column":43}},"5":{"start":{"line":43,"column":8},"end":{"line":43,"column":1349}},"6":{"start":{"line":44,"column":12},"end":{"line":44,"column":42}},"7":{"start":{"line":46,"column":8},"end":{"line":46,"column":1447}},"8":{"start":{"line":51,"column":8},"end":{"line":51,"column":1633}},"9":{"start":{"line":60,"column":8},"end":{"line":60,"column":81}},"10":{"start":{"line":62,"column":8},"end":{"line":62,"column":1995}},"11":{"start":{"line":73,"column":8},"end":{"line":73,"column":71}},"12":{"start":{"line":74,"column":8},"end":{"line":74,"column":2368}},"13":{"start":{"line":75,"column":12},"end":{"line":75,"column":45}},"14":{"start":{"line":77,"column":8},"end":{"line":77,"column":21}}},"branchMap":{"1":{"line":40,"type":"if","locations":[{"start":{"line":40,"column":8},"end":{"line":40,"column":8}},{"start":{"line":40,"column":8},"end":{"line":40,"column":8}}]},"2":{"line":43,"type":"if","locations":[{"start":{"line":43,"column":8},"end":{"line":43,"column":8}},{"start":{"line":43,"column":8},"end":{"line":43,"column":8}}]}}},"contracts/liquidity-incentives/Synthetixio/interfaces/IStakingRewards.sol":{"l":{},"path":"/Users/andresaiello/git/zeta/zetachain/packages/zevm-app-contracts/contracts/liquidity-incentives/Synthetixio/interfaces/IStakingRewards.sol","s":{},"b":{},"f":{},"fnMap":{},"statementMap":{},"branchMap":{}},"contracts/liquidity-incentives/Synthetixio/Owned.sol":{"l":{"10":34,"11":34,"12":34,"16":1,"17":1,"21":1,"22":1,"23":1,"24":1,"28":59,"29":40,"33":59},"path":"/Users/andresaiello/git/zeta/zetachain/packages/zevm-app-contracts/contracts/liquidity-incentives/Synthetixio/Owned.sol","s":{"1":34,"2":34,"3":34,"4":1,"5":1,"6":1,"7":1,"8":1,"9":1,"10":59,"11":59},"b":{"1":[34,0],"2":[1,0],"3":[40,19]},"f":{"1":34,"2":1,"3":1,"4":59,"5":59},"fnMap":{"1":{"name":"constructor","line":9,"loc":{"start":{"line":9,"column":4},"end":{"line":13,"column":4}}},"2":{"name":"nominateNewOwner","line":15,"loc":{"start":{"line":15,"column":4},"end":{"line":18,"column":4}}},"3":{"name":"acceptOwnership","line":20,"loc":{"start":{"line":20,"column":4},"end":{"line":25,"column":4}}},"4":{"name":"onlyOwner","line":27,"loc":{"start":{"line":27,"column":4},"end":{"line":30,"column":4}}},"5":{"name":"_onlyOwner","line":32,"loc":{"start":{"line":32,"column":4},"end":{"line":34,"column":4}}}},"statementMap":{"1":{"start":{"line":10,"column":8},"end":{"line":10,"column":65}},"2":{"start":{"line":11,"column":8},"end":{"line":11,"column":21}},"3":{"start":{"line":12,"column":8},"end":{"line":12,"column":45}},"4":{"start":{"line":16,"column":8},"end":{"line":16,"column":30}},"5":{"start":{"line":17,"column":8},"end":{"line":17,"column":35}},"6":{"start":{"line":21,"column":8},"end":{"line":21,"column":101}},"7":{"start":{"line":22,"column":8},"end":{"line":22,"column":48}},"8":{"start":{"line":23,"column":8},"end":{"line":23,"column":29}},"9":{"start":{"line":24,"column":8},"end":{"line":24,"column":34}},"10":{"start":{"line":28,"column":8},"end":{"line":28,"column":19}},"11":{"start":{"line":33,"column":8},"end":{"line":33,"column":86}}},"branchMap":{"1":{"line":10,"type":"if","locations":[{"start":{"line":10,"column":8},"end":{"line":10,"column":8}},{"start":{"line":10,"column":8},"end":{"line":10,"column":8}}]},"2":{"line":21,"type":"if","locations":[{"start":{"line":21,"column":8},"end":{"line":21,"column":8}},{"start":{"line":21,"column":8},"end":{"line":21,"column":8}}]},"3":{"line":33,"type":"if","locations":[{"start":{"line":33,"column":8},"end":{"line":33,"column":8}},{"start":{"line":33,"column":8},"end":{"line":33,"column":8}}]}}},"contracts/liquidity-incentives/Synthetixio/Pausable.sol":{"l":{"14":31,"24":4,"25":0,"29":4,"32":4,"33":3,"37":4,"43":31,"44":30},"path":"/Users/andresaiello/git/zeta/zetachain/packages/zevm-app-contracts/contracts/liquidity-incentives/Synthetixio/Pausable.sol","s":{"1":31,"2":4,"3":0,"4":4,"5":4,"6":3,"7":4,"8":31},"b":{"1":[31,0],"2":[0,4],"3":[3,1],"4":[30,1]},"f":{"1":31,"2":4,"3":31},"fnMap":{"1":{"name":"constructor","line":12,"loc":{"start":{"line":12,"column":4},"end":{"line":16,"column":4}}},"2":{"name":"setPaused","line":22,"loc":{"start":{"line":22,"column":4},"end":{"line":38,"column":4}}},"3":{"name":"notPaused","line":42,"loc":{"start":{"line":42,"column":4},"end":{"line":45,"column":4}}}},"statementMap":{"1":{"start":{"line":14,"column":8},"end":{"line":14,"column":56}},"2":{"start":{"line":24,"column":8},"end":{"line":24,"column":770}},"3":{"start":{"line":25,"column":12},"end":{"line":25,"column":18}},"4":{"start":{"line":29,"column":8},"end":{"line":29,"column":23}},"5":{"start":{"line":32,"column":8},"end":{"line":32,"column":945}},"6":{"start":{"line":33,"column":12},"end":{"line":33,"column":42}},"7":{"start":{"line":37,"column":8},"end":{"line":37,"column":33}},"8":{"start":{"line":43,"column":8},"end":{"line":43,"column":87}}},"branchMap":{"1":{"line":14,"type":"if","locations":[{"start":{"line":14,"column":8},"end":{"line":14,"column":8}},{"start":{"line":14,"column":8},"end":{"line":14,"column":8}}]},"2":{"line":24,"type":"if","locations":[{"start":{"line":24,"column":8},"end":{"line":24,"column":8}},{"start":{"line":24,"column":8},"end":{"line":24,"column":8}}]},"3":{"line":32,"type":"if","locations":[{"start":{"line":32,"column":8},"end":{"line":32,"column":8}},{"start":{"line":32,"column":8},"end":{"line":32,"column":8}}]},"4":{"line":43,"type":"if","locations":[{"start":{"line":43,"column":8},"end":{"line":43,"column":8}},{"start":{"line":43,"column":8},"end":{"line":43,"column":8}}]}}},"contracts/liquidity-incentives/Synthetixio/RewardsDistributionRecipient.sol":{"l":{"14":34,"15":34,"19":1},"path":"/Users/andresaiello/git/zeta/zetachain/packages/zevm-app-contracts/contracts/liquidity-incentives/Synthetixio/RewardsDistributionRecipient.sol","s":{"1":34,"2":1},"b":{"1":[34,0]},"f":{"1":34,"2":1},"fnMap":{"1":{"name":"onlyRewardsDistribution","line":13,"loc":{"start":{"line":13,"column":4},"end":{"line":16,"column":4}}},"2":{"name":"setRewardsDistribution","line":18,"loc":{"start":{"line":18,"column":4},"end":{"line":20,"column":4}}}},"statementMap":{"1":{"start":{"line":14,"column":8},"end":{"line":14,"column":95}},"2":{"start":{"line":19,"column":8},"end":{"line":19,"column":49}}},"branchMap":{"1":{"line":14,"type":"if","locations":[{"start":{"line":14,"column":8},"end":{"line":14,"column":8}},{"start":{"line":14,"column":8},"end":{"line":14,"column":8}}]}}},"contracts/liquidity-incentives/Synthetixio/StakingRewards.sol":{"l":{"42":31,"43":31,"44":31,"50":1,"54":8,"58":164,"62":164,"63":87,"65":77,"72":76,"79":1,"85":14,"86":13,"87":13,"88":13,"89":13,"94":16,"95":16,"96":16,"97":16,"101":8,"102":7,"103":6,"104":6,"105":6,"109":13,"110":13,"111":13,"112":13,"115":3,"119":3,"122":3,"123":3,"125":2,"126":2,"128":12,"133":4,"134":2,"140":34,"141":32,"143":2,"144":2,"145":2,"152":34,"153":34,"155":32,"156":32,"157":32,"162":5,"163":4,"164":4,"168":19,"172":18,"173":18,"179":85,"180":85,"181":85,"182":51,"183":51,"185":85},"path":"/Users/andresaiello/git/zeta/zetachain/packages/zevm-app-contracts/contracts/liquidity-incentives/Synthetixio/StakingRewards.sol","s":{"1":31,"2":31,"3":31,"4":1,"5":8,"6":164,"7":164,"8":87,"9":77,"10":76,"11":1,"12":14,"13":13,"14":13,"15":13,"16":13,"17":16,"18":16,"19":16,"20":16,"21":8,"22":7,"23":6,"24":6,"25":6,"26":13,"27":13,"28":13,"29":13,"30":3,"31":3,"32":3,"33":3,"34":2,"35":2,"36":10,"37":12,"38":4,"39":2,"40":34,"41":32,"42":2,"43":2,"44":2,"45":34,"46":34,"47":32,"48":32,"49":32,"50":5,"51":4,"52":4,"53":19,"54":18,"55":18,"56":85,"57":85,"58":85,"59":51,"60":51},"b":{"1":[87,77],"2":[13,1],"3":[16,0],"4":[7,1],"5":[13,0],"6":[3,10],"7":[2,1],"8":[2,0],"9":[32,2],"10":[32,2],"11":[4,1],"12":[18,1],"13":[51,34]},"f":{"1":31,"2":1,"3":8,"4":164,"5":164,"6":76,"7":1,"8":14,"9":16,"10":8,"11":13,"12":4,"13":34,"14":5,"15":19,"16":85},"fnMap":{"1":{"name":"constructor","line":41,"loc":{"start":{"line":36,"column":4},"end":{"line":45,"column":4}}},"2":{"name":"totalSupply","line":49,"loc":{"start":{"line":49,"column":4},"end":{"line":51,"column":4}}},"3":{"name":"balanceOf","line":53,"loc":{"start":{"line":53,"column":4},"end":{"line":55,"column":4}}},"4":{"name":"lastTimeRewardApplicable","line":57,"loc":{"start":{"line":57,"column":4},"end":{"line":59,"column":4}}},"5":{"name":"rewardPerToken","line":61,"loc":{"start":{"line":61,"column":4},"end":{"line":69,"column":4}}},"6":{"name":"earned","line":71,"loc":{"start":{"line":71,"column":4},"end":{"line":76,"column":4}}},"7":{"name":"getRewardForDuration","line":78,"loc":{"start":{"line":78,"column":4},"end":{"line":80,"column":4}}},"8":{"name":"stake","line":84,"loc":{"start":{"line":84,"column":4},"end":{"line":90,"column":4}}},"9":{"name":"_stakeFromContract","line":93,"loc":{"start":{"line":93,"column":4},"end":{"line":98,"column":4}}},"10":{"name":"withdraw","line":100,"loc":{"start":{"line":100,"column":4},"end":{"line":106,"column":4}}},"11":{"name":"getReward","line":108,"loc":{"start":{"line":108,"column":4},"end":{"line":130,"column":4}}},"12":{"name":"exit","line":132,"loc":{"start":{"line":132,"column":4},"end":{"line":135,"column":4}}},"13":{"name":"notifyRewardAmount","line":139,"loc":{"start":{"line":139,"column":4},"end":{"line":158,"column":4}}},"14":{"name":"recoverERC20","line":161,"loc":{"start":{"line":161,"column":4},"end":{"line":165,"column":4}}},"15":{"name":"setRewardsDuration","line":167,"loc":{"start":{"line":167,"column":4},"end":{"line":174,"column":4}}},"16":{"name":"updateReward","line":178,"loc":{"start":{"line":178,"column":4},"end":{"line":186,"column":4}}}},"statementMap":{"1":{"start":{"line":42,"column":8},"end":{"line":42,"column":43}},"2":{"start":{"line":43,"column":8},"end":{"line":43,"column":43}},"3":{"start":{"line":44,"column":8},"end":{"line":44,"column":49}},"4":{"start":{"line":50,"column":8},"end":{"line":50,"column":27}},"5":{"start":{"line":54,"column":8},"end":{"line":54,"column":33}},"6":{"start":{"line":58,"column":8},"end":{"line":58,"column":78}},"7":{"start":{"line":62,"column":8},"end":{"line":62,"column":1976}},"8":{"start":{"line":63,"column":12},"end":{"line":63,"column":39}},"9":{"start":{"line":65,"column":8},"end":{"line":65,"column":2065}},"10":{"start":{"line":72,"column":8},"end":{"line":72,"column":2316}},"11":{"start":{"line":79,"column":8},"end":{"line":79,"column":46}},"12":{"start":{"line":85,"column":8},"end":{"line":85,"column":44}},"13":{"start":{"line":86,"column":8},"end":{"line":86,"column":46}},"14":{"start":{"line":87,"column":8},"end":{"line":87,"column":64}},"15":{"start":{"line":88,"column":8},"end":{"line":88,"column":71}},"16":{"start":{"line":89,"column":8},"end":{"line":89,"column":39}},"17":{"start":{"line":94,"column":8},"end":{"line":94,"column":44}},"18":{"start":{"line":95,"column":8},"end":{"line":95,"column":46}},"19":{"start":{"line":96,"column":8},"end":{"line":96,"column":64}},"20":{"start":{"line":97,"column":8},"end":{"line":97,"column":39}},"21":{"start":{"line":101,"column":8},"end":{"line":101,"column":47}},"22":{"start":{"line":102,"column":8},"end":{"line":102,"column":46}},"23":{"start":{"line":103,"column":8},"end":{"line":103,"column":64}},"24":{"start":{"line":104,"column":8},"end":{"line":104,"column":52}},"25":{"start":{"line":105,"column":8},"end":{"line":105,"column":42}},"26":{"start":{"line":109,"column":8},"end":{"line":109,"column":44}},"27":{"start":{"line":110,"column":8},"end":{"line":110,"column":3962}},"28":{"start":{"line":111,"column":12},"end":{"line":111,"column":34}},"29":{"start":{"line":112,"column":12},"end":{"line":112,"column":4085}},"30":{"start":{"line":115,"column":16},"end":{"line":115,"column":53}},"31":{"start":{"line":119,"column":16},"end":{"line":119,"column":85}},"32":{"start":{"line":122,"column":16},"end":{"line":122,"column":67}},"33":{"start":{"line":123,"column":16},"end":{"line":123,"column":64}},"34":{"start":{"line":125,"column":16},"end":{"line":125,"column":63}},"35":{"start":{"line":126,"column":16},"end":{"line":126,"column":50}},"36":{"start":{"line":127,"column":19},"end":{"line":127,"column":63}},"37":{"start":{"line":128,"column":12},"end":{"line":128,"column":47}},"38":{"start":{"line":133,"column":8},"end":{"line":133,"column":38}},"39":{"start":{"line":134,"column":8},"end":{"line":134,"column":24}},"40":{"start":{"line":140,"column":8},"end":{"line":140,"column":5162}},"41":{"start":{"line":141,"column":12},"end":{"line":141,"column":51}},"42":{"start":{"line":143,"column":12},"end":{"line":143,"column":65}},"43":{"start":{"line":144,"column":12},"end":{"line":144,"column":56}},"44":{"start":{"line":145,"column":12},"end":{"line":145,"column":65}},"45":{"start":{"line":152,"column":8},"end":{"line":152,"column":60}},"46":{"start":{"line":153,"column":8},"end":{"line":153,"column":86}},"47":{"start":{"line":155,"column":8},"end":{"line":155,"column":39}},"48":{"start":{"line":156,"column":8},"end":{"line":156,"column":58}},"49":{"start":{"line":157,"column":8},"end":{"line":157,"column":32}},"50":{"start":{"line":162,"column":8},"end":{"line":162,"column":90}},"51":{"start":{"line":163,"column":8},"end":{"line":163,"column":60}},"52":{"start":{"line":164,"column":8},"end":{"line":164,"column":49}},"53":{"start":{"line":168,"column":8},"end":{"line":168,"column":6613}},"54":{"start":{"line":172,"column":8},"end":{"line":172,"column":41}},"55":{"start":{"line":173,"column":8},"end":{"line":173,"column":52}},"56":{"start":{"line":179,"column":8},"end":{"line":179,"column":46}},"57":{"start":{"line":180,"column":8},"end":{"line":180,"column":50}},"58":{"start":{"line":181,"column":8},"end":{"line":181,"column":7083}},"59":{"start":{"line":182,"column":12},"end":{"line":182,"column":45}},"60":{"start":{"line":183,"column":12},"end":{"line":183,"column":65}}},"branchMap":{"1":{"line":62,"type":"if","locations":[{"start":{"line":62,"column":8},"end":{"line":62,"column":8}},{"start":{"line":62,"column":8},"end":{"line":62,"column":8}}]},"2":{"line":85,"type":"if","locations":[{"start":{"line":85,"column":8},"end":{"line":85,"column":8}},{"start":{"line":85,"column":8},"end":{"line":85,"column":8}}]},"3":{"line":94,"type":"if","locations":[{"start":{"line":94,"column":8},"end":{"line":94,"column":8}},{"start":{"line":94,"column":8},"end":{"line":94,"column":8}}]},"4":{"line":101,"type":"if","locations":[{"start":{"line":101,"column":8},"end":{"line":101,"column":8}},{"start":{"line":101,"column":8},"end":{"line":101,"column":8}}]},"5":{"line":110,"type":"if","locations":[{"start":{"line":110,"column":8},"end":{"line":110,"column":8}},{"start":{"line":110,"column":8},"end":{"line":110,"column":8}}]},"6":{"line":112,"type":"if","locations":[{"start":{"line":112,"column":12},"end":{"line":112,"column":12}},{"start":{"line":112,"column":12},"end":{"line":112,"column":12}}]},"7":{"line":123,"type":"if","locations":[{"start":{"line":123,"column":16},"end":{"line":123,"column":16}},{"start":{"line":123,"column":16},"end":{"line":123,"column":16}}]},"8":{"line":126,"type":"if","locations":[{"start":{"line":126,"column":16},"end":{"line":126,"column":16}},{"start":{"line":126,"column":16},"end":{"line":126,"column":16}}]},"9":{"line":140,"type":"if","locations":[{"start":{"line":140,"column":8},"end":{"line":140,"column":8}},{"start":{"line":140,"column":8},"end":{"line":140,"column":8}}]},"10":{"line":153,"type":"if","locations":[{"start":{"line":153,"column":8},"end":{"line":153,"column":8}},{"start":{"line":153,"column":8},"end":{"line":153,"column":8}}]},"11":{"line":162,"type":"if","locations":[{"start":{"line":162,"column":8},"end":{"line":162,"column":8}},{"start":{"line":162,"column":8},"end":{"line":162,"column":8}}]},"12":{"line":168,"type":"if","locations":[{"start":{"line":168,"column":8},"end":{"line":168,"column":8}},{"start":{"line":168,"column":8},"end":{"line":168,"column":8}}]},"13":{"line":181,"type":"if","locations":[{"start":{"line":181,"column":8},"end":{"line":181,"column":8}},{"start":{"line":181,"column":8},"end":{"line":181,"column":8}}]}}},"contracts/multi-output/ZetaMultiOutput.sol":{"l":{"21":18,"25":3,"26":3,"30":13,"31":13,"35":5,"36":5,"37":10,"38":6,"41":5,"50":3,"52":1,"53":1,"54":1,"56":1,"60":1,"61":3,"62":3,"64":2,"65":1,"68":2,"77":2,"78":2},"path":"/Users/andresaiello/git/zeta/zetachain/packages/zevm-app-contracts/contracts/multi-output/ZetaMultiOutput.sol","s":{"1":18,"2":3,"3":13,"4":13,"5":5,"6":5,"7":10,"8":5,"9":3,"10":1,"11":1,"12":1,"13":1,"14":1,"15":3,"16":3,"17":2,"18":1,"19":2,"20":2,"21":2},"b":{"1":[3,0],"2":[4,6],"3":[2,1],"4":[1,2],"5":[1,1]},"f":{"1":18,"2":3,"3":13,"4":5,"5":3},"fnMap":{"1":{"name":"constructor","line":20,"loc":{"start":{"line":20,"column":4},"end":{"line":22,"column":4}}},"2":{"name":"onlySystem","line":24,"loc":{"start":{"line":24,"column":4},"end":{"line":27,"column":4}}},"3":{"name":"registerDestinationToken","line":29,"loc":{"start":{"line":29,"column":4},"end":{"line":32,"column":4}}},"4":{"name":"_getTotalTransfers","line":34,"loc":{"start":{"line":34,"column":4},"end":{"line":42,"column":4}}},"5":{"name":"onCrossChainCall","line":49,"loc":{"start":{"line":44,"column":4},"end":{"line":80,"column":4}}}},"statementMap":{"1":{"start":{"line":21,"column":8},"end":{"line":21,"column":61}},"2":{"start":{"line":25,"column":8},"end":{"line":25,"column":100}},"3":{"start":{"line":30,"column":8},"end":{"line":30,"column":47}},"4":{"start":{"line":31,"column":8},"end":{"line":31,"column":52}},"5":{"start":{"line":35,"column":8},"end":{"line":35,"column":25}},"6":{"start":{"line":36,"column":8},"end":{"line":36,"column":1179}},"7":{"start":{"line":37,"column":12},"end":{"line":37,"column":55}},"8":{"start":{"line":41,"column":8},"end":{"line":41,"column":20}},"9":{"start":{"line":50,"column":8},"end":{"line":50,"column":73}},"10":{"start":{"line":52,"column":8},"end":{"line":52,"column":70}},"11":{"start":{"line":53,"column":8},"end":{"line":53,"column":69}},"12":{"start":{"line":54,"column":8},"end":{"line":54,"column":80}},"13":{"start":{"line":56,"column":8},"end":{"line":56,"column":1883}},"14":{"start":{"line":60,"column":8},"end":{"line":60,"column":2030}},"15":{"start":{"line":61,"column":12},"end":{"line":61,"column":54}},"16":{"start":{"line":62,"column":12},"end":{"line":62,"column":46}},"17":{"start":{"line":64,"column":12},"end":{"line":64,"column":2204}},"18":{"start":{"line":65,"column":16},"end":{"line":65,"column":43}},"19":{"start":{"line":68,"column":12},"end":{"line":68,"column":2308}},"20":{"start":{"line":77,"column":12},"end":{"line":77,"column":108}},"21":{"start":{"line":78,"column":12},"end":{"line":78,"column":66}}},"branchMap":{"1":{"line":25,"type":"if","locations":[{"start":{"line":25,"column":8},"end":{"line":25,"column":8}},{"start":{"line":25,"column":8},"end":{"line":25,"column":8}}]},"2":{"line":37,"type":"if","locations":[{"start":{"line":37,"column":12},"end":{"line":37,"column":12}},{"start":{"line":37,"column":12},"end":{"line":37,"column":12}}]},"3":{"line":50,"type":"if","locations":[{"start":{"line":50,"column":8},"end":{"line":50,"column":8}},{"start":{"line":50,"column":8},"end":{"line":50,"column":8}}]},"4":{"line":62,"type":"if","locations":[{"start":{"line":62,"column":12},"end":{"line":62,"column":12}},{"start":{"line":62,"column":12},"end":{"line":62,"column":12}}]},"5":{"line":64,"type":"if","locations":[{"start":{"line":64,"column":12},"end":{"line":64,"column":12}},{"start":{"line":64,"column":12},"end":{"line":64,"column":12}}]}}},"contracts/shared/BytesHelperLib.sol":{"l":{"6":6,"7":6,"13":1,"14":1,"20":3},"path":"/Users/andresaiello/git/zeta/zetachain/packages/zevm-app-contracts/contracts/shared/BytesHelperLib.sol","s":{"1":6,"2":1,"3":3},"b":{},"f":{"1":6,"2":1,"3":3},"fnMap":{"1":{"name":"bytesToAddress","line":5,"loc":{"start":{"line":5,"column":4},"end":{"line":10,"column":4}}},"2":{"name":"bytesToUint32","line":12,"loc":{"start":{"line":12,"column":4},"end":{"line":17,"column":4}}},"3":{"name":"addressToBytes","line":19,"loc":{"start":{"line":19,"column":4},"end":{"line":21,"column":4}}}},"statementMap":{"1":{"start":{"line":6,"column":8},"end":{"line":6,"column":49}},"2":{"start":{"line":13,"column":8},"end":{"line":13,"column":48}},"3":{"start":{"line":20,"column":8},"end":{"line":20,"column":53}}},"branchMap":{}},"contracts/shared/MockSystemContract.sol":{"l":{"35":78,"36":78,"37":78,"38":78,"43":0,"44":0,"48":78,"49":78,"53":0,"54":0,"59":78,"60":78,"61":78,"65":78,"66":78,"83":5,"84":5,"85":5,"86":5},"path":"/Users/andresaiello/git/zeta/zetachain/packages/zevm-app-contracts/contracts/shared/MockSystemContract.sol","s":{"1":78,"2":78,"3":78,"4":78,"5":0,"6":0,"7":78,"8":78,"9":0,"10":0,"11":78,"12":78,"13":78,"14":78,"15":78,"16":5,"17":5,"18":5,"19":5},"b":{"1":[0,78],"2":[0,78],"3":[0,5]},"f":{"1":78,"2":0,"3":78,"4":0,"5":78,"6":78,"7":5},"fnMap":{"1":{"name":"constructor","line":34,"loc":{"start":{"line":34,"column":4},"end":{"line":39,"column":4}}},"2":{"name":"setGasPrice","line":42,"loc":{"start":{"line":42,"column":4},"end":{"line":45,"column":4}}},"3":{"name":"setGasCoinZRC20","line":47,"loc":{"start":{"line":47,"column":4},"end":{"line":50,"column":4}}},"4":{"name":"setWZETAContractAddress","line":52,"loc":{"start":{"line":52,"column":4},"end":{"line":55,"column":4}}},"5":{"name":"sortTokens","line":58,"loc":{"start":{"line":58,"column":4},"end":{"line":62,"column":4}}},"6":{"name":"uniswapv2PairFor","line":64,"loc":{"start":{"line":64,"column":4},"end":{"line":80,"column":4}}},"7":{"name":"onCrossChainCall","line":82,"loc":{"start":{"line":82,"column":4},"end":{"line":87,"column":4}}}},"statementMap":{"1":{"start":{"line":35,"column":8},"end":{"line":35,"column":36}},"2":{"start":{"line":36,"column":8},"end":{"line":36,"column":50}},"3":{"start":{"line":37,"column":8},"end":{"line":37,"column":52}},"4":{"start":{"line":38,"column":8},"end":{"line":38,"column":37}},"5":{"start":{"line":43,"column":8},"end":{"line":43,"column":41}},"6":{"start":{"line":44,"column":8},"end":{"line":44,"column":40}},"7":{"start":{"line":48,"column":8},"end":{"line":48,"column":45}},"8":{"start":{"line":49,"column":8},"end":{"line":49,"column":39}},"9":{"start":{"line":53,"column":8},"end":{"line":53,"column":34}},"10":{"start":{"line":54,"column":8},"end":{"line":54,"column":43}},"11":{"start":{"line":59,"column":8},"end":{"line":59,"column":63}},"12":{"start":{"line":60,"column":8},"end":{"line":60,"column":79}},"13":{"start":{"line":61,"column":8},"end":{"line":61,"column":60}},"14":{"start":{"line":65,"column":8},"end":{"line":65,"column":69}},"15":{"start":{"line":66,"column":8},"end":{"line":66,"column":2455}},"16":{"start":{"line":83,"column":8},"end":{"line":83,"column":100}},"17":{"start":{"line":84,"column":8},"end":{"line":84,"column":62}},"18":{"start":{"line":85,"column":8},"end":{"line":85,"column":46}},"19":{"start":{"line":86,"column":8},"end":{"line":86,"column":74}}},"branchMap":{"1":{"line":59,"type":"if","locations":[{"start":{"line":59,"column":8},"end":{"line":59,"column":8}},{"start":{"line":59,"column":8},"end":{"line":59,"column":8}}]},"2":{"line":61,"type":"if","locations":[{"start":{"line":61,"column":8},"end":{"line":61,"column":8}},{"start":{"line":61,"column":8},"end":{"line":61,"column":8}}]},"3":{"line":85,"type":"if","locations":[{"start":{"line":85,"column":8},"end":{"line":85,"column":8}},{"start":{"line":85,"column":8},"end":{"line":85,"column":8}}]}}},"contracts/shared/MockZRC20.sol":{"l":{"11":249,"15":0,"19":0,"20":0,"26":4,"27":4,"31":4},"path":"/Users/andresaiello/git/zeta/zetachain/packages/zevm-app-contracts/contracts/shared/MockZRC20.sol","s":{"1":249,"2":0,"3":0,"4":4,"5":4,"6":4},"b":{},"f":{"1":249,"2":0,"3":0,"4":4,"5":4},"fnMap":{"1":{"name":"constructor","line":10,"loc":{"start":{"line":10,"column":4},"end":{"line":12,"column":4}}},"2":{"name":"deposit","line":14,"loc":{"start":{"line":14,"column":4},"end":{"line":16,"column":4}}},"3":{"name":"bytesToAddress","line":18,"loc":{"start":{"line":18,"column":4},"end":{"line":23,"column":4}}},"4":{"name":"withdraw","line":25,"loc":{"start":{"line":25,"column":4},"end":{"line":28,"column":4}}},"5":{"name":"withdrawGasFee","line":30,"loc":{"start":{"line":30,"column":4},"end":{"line":32,"column":4}}}},"statementMap":{"1":{"start":{"line":11,"column":8},"end":{"line":11,"column":69}},"2":{"start":{"line":15,"column":8},"end":{"line":15,"column":19}},"3":{"start":{"line":19,"column":8},"end":{"line":19,"column":51}},"4":{"start":{"line":26,"column":8},"end":{"line":26,"column":65}},"5":{"start":{"line":27,"column":8},"end":{"line":27,"column":42}},"6":{"start":{"line":31,"column":8},"end":{"line":31,"column":33}}},"branchMap":{}},"contracts/shared/SwapHelperLib.sol":{"l":{"21":4,"22":4,"23":4,"28":4,"29":4,"46":4,"48":4,"49":4,"51":4,"52":4,"56":4,"57":4,"69":4,"71":4,"72":4,"73":0,"74":0,"75":0,"77":4,"78":4,"79":4,"80":4,"83":4,"84":4,"91":4},"path":"/Users/andresaiello/git/zeta/zetachain/packages/zevm-app-contracts/contracts/shared/SwapHelperLib.sol","s":{"1":4,"2":4,"3":4,"4":4,"5":4,"6":4,"7":4,"8":4,"9":4,"10":4,"11":4,"12":4,"13":4,"14":4,"15":4,"16":0,"17":0,"18":0,"19":4,"20":4,"21":4,"22":4,"23":4,"24":4,"25":4},"b":{"1":[0,4],"2":[0,4],"3":[0,4],"4":[0,4],"5":[0,4]},"f":{"1":4,"2":4,"3":4,"4":4,"5":4},"fnMap":{"1":{"name":"sortTokens","line":20,"loc":{"start":{"line":20,"column":4},"end":{"line":24,"column":4}}},"2":{"name":"uniswapv2PairFor","line":27,"loc":{"start":{"line":27,"column":4},"end":{"line":43,"column":4}}},"3":{"name":"_doWithdrawal","line":45,"loc":{"start":{"line":45,"column":4},"end":{"line":53,"column":4}}},"4":{"name":"_existsPairPool","line":55,"loc":{"start":{"line":55,"column":4},"end":{"line":58,"column":4}}},"5":{"name":"_doSwap","line":60,"loc":{"start":{"line":60,"column":4},"end":{"line":92,"column":4}}}},"statementMap":{"1":{"start":{"line":21,"column":8},"end":{"line":21,"column":63}},"2":{"start":{"line":22,"column":8},"end":{"line":22,"column":79}},"3":{"start":{"line":23,"column":8},"end":{"line":23,"column":60}},"4":{"start":{"line":28,"column":8},"end":{"line":28,"column":69}},"5":{"start":{"line":29,"column":8},"end":{"line":29,"column":1221}},"6":{"start":{"line":46,"column":8},"end":{"line":46,"column":81}},"7":{"start":{"line":48,"column":8},"end":{"line":48,"column":62}},"8":{"start":{"line":49,"column":8},"end":{"line":49,"column":59}},"9":{"start":{"line":51,"column":8},"end":{"line":51,"column":55}},"10":{"start":{"line":52,"column":8},"end":{"line":52,"column":82}},"11":{"start":{"line":56,"column":8},"end":{"line":56,"column":80}},"12":{"start":{"line":57,"column":8},"end":{"line":57,"column":101}},"13":{"start":{"line":69,"column":8},"end":{"line":69,"column":83}},"14":{"start":{"line":71,"column":8},"end":{"line":71,"column":29}},"15":{"start":{"line":72,"column":8},"end":{"line":72,"column":2863}},"16":{"start":{"line":73,"column":12},"end":{"line":73,"column":34}},"17":{"start":{"line":74,"column":12},"end":{"line":74,"column":26}},"18":{"start":{"line":75,"column":12},"end":{"line":75,"column":32}},"19":{"start":{"line":77,"column":12},"end":{"line":77,"column":34}},"20":{"start":{"line":78,"column":12},"end":{"line":78,"column":26}},"21":{"start":{"line":79,"column":12},"end":{"line":79,"column":30}},"22":{"start":{"line":80,"column":12},"end":{"line":80,"column":32}},"23":{"start":{"line":83,"column":8},"end":{"line":83,"column":62}},"24":{"start":{"line":84,"column":8},"end":{"line":84,"column":3222}},"25":{"start":{"line":91,"column":8},"end":{"line":91,"column":39}}},"branchMap":{"1":{"line":21,"type":"if","locations":[{"start":{"line":21,"column":8},"end":{"line":21,"column":8}},{"start":{"line":21,"column":8},"end":{"line":21,"column":8}}]},"2":{"line":23,"type":"if","locations":[{"start":{"line":23,"column":8},"end":{"line":23,"column":8}},{"start":{"line":23,"column":8},"end":{"line":23,"column":8}}]},"3":{"line":48,"type":"if","locations":[{"start":{"line":48,"column":8},"end":{"line":48,"column":8}},{"start":{"line":48,"column":8},"end":{"line":48,"column":8}}]},"4":{"line":49,"type":"if","locations":[{"start":{"line":49,"column":8},"end":{"line":49,"column":8}},{"start":{"line":49,"column":8},"end":{"line":49,"column":8}}]},"5":{"line":72,"type":"if","locations":[{"start":{"line":72,"column":8},"end":{"line":72,"column":8}},{"start":{"line":72,"column":8},"end":{"line":72,"column":8}}]}}},"contracts/shared/TestContracts.sol":{"l":{},"path":"/Users/andresaiello/git/zeta/zetachain/packages/zevm-app-contracts/contracts/shared/TestContracts.sol","s":{},"b":{},"f":{},"fnMap":{},"statementMap":{},"branchMap":{}},"contracts/shared/TestUniswapContracts.sol":{"l":{},"path":"/Users/andresaiello/git/zeta/zetachain/packages/zevm-app-contracts/contracts/shared/TestUniswapContracts.sol","s":{},"b":{},"f":{},"fnMap":{},"statementMap":{},"branchMap":{}},"contracts/zeta-points/InvitationManager.sol":{"l":{"36":14,"38":13,"39":13,"43":8,"47":5,"51":1,"55":6,"56":6,"58":6,"59":6,"63":8,"64":8,"65":6,"67":6,"68":6,"71":5,"73":5,"75":5,"76":5,"78":5,"82":2,"86":2,"87":2,"91":2,"95":2},"path":"/Users/andresaiello/git/zeta/zetachain/packages/zevm-app-contracts/contracts/zeta-points/InvitationManager.sol","s":{"1":14,"2":13,"3":13,"4":8,"5":5,"6":1,"7":6,"8":6,"9":6,"10":6,"11":8,"12":8,"13":6,"14":6,"15":6,"16":5,"17":5,"18":5,"19":2,"20":2,"21":2,"22":2,"23":2},"b":{"1":[1,13],"2":[0,6],"3":[0,8],"4":[2,6],"5":[0,2]},"f":{"1":14,"2":8,"3":5,"4":1,"5":6,"6":8,"7":2,"8":2,"9":2,"10":2},"fnMap":{"1":{"name":"_markAsVerified","line":34,"loc":{"start":{"line":34,"column":4},"end":{"line":40,"column":4}}},"2":{"name":"markAsVerified","line":42,"loc":{"start":{"line":42,"column":4},"end":{"line":44,"column":4}}},"3":{"name":"hasBeenVerified","line":46,"loc":{"start":{"line":46,"column":4},"end":{"line":48,"column":4}}},"4":{"name":"getVerifiedTimestamp","line":50,"loc":{"start":{"line":50,"column":4},"end":{"line":52,"column":4}}},"5":{"name":"_verifySignature","line":54,"loc":{"start":{"line":54,"column":4},"end":{"line":60,"column":4}}},"6":{"name":"confirmAndAcceptInvitation","line":62,"loc":{"start":{"line":62,"column":4},"end":{"line":79,"column":4}}},"7":{"name":"getInviteeCount","line":81,"loc":{"start":{"line":81,"column":4},"end":{"line":83,"column":4}}},"8":{"name":"getInviteeAtIndex","line":85,"loc":{"start":{"line":85,"column":4},"end":{"line":88,"column":4}}},"9":{"name":"getTotalInvitesOnDay","line":90,"loc":{"start":{"line":90,"column":4},"end":{"line":92,"column":4}}},"10":{"name":"getInvitesByInviterOnDay","line":94,"loc":{"start":{"line":94,"column":4},"end":{"line":96,"column":4}}}},"statementMap":{"1":{"start":{"line":36,"column":8},"end":{"line":36,"column":78}},"2":{"start":{"line":38,"column":8},"end":{"line":38,"column":57}},"3":{"start":{"line":39,"column":8},"end":{"line":39,"column":48}},"4":{"start":{"line":43,"column":8},"end":{"line":43,"column":34}},"5":{"start":{"line":47,"column":8},"end":{"line":47,"column":58}},"6":{"start":{"line":51,"column":8},"end":{"line":51,"column":54}},"7":{"start":{"line":55,"column":8},"end":{"line":55,"column":60}},"8":{"start":{"line":56,"column":8},"end":{"line":56,"column":106}},"9":{"start":{"line":58,"column":8},"end":{"line":58,"column":93}},"10":{"start":{"line":59,"column":8},"end":{"line":59,"column":69}},"11":{"start":{"line":63,"column":8},"end":{"line":63,"column":64}},"12":{"start":{"line":64,"column":8},"end":{"line":64,"column":85}},"13":{"start":{"line":65,"column":8},"end":{"line":65,"column":43}},"14":{"start":{"line":67,"column":8},"end":{"line":67,"column":74}},"15":{"start":{"line":68,"column":8},"end":{"line":68,"column":34}},"16":{"start":{"line":71,"column":8},"end":{"line":71,"column":45}},"17":{"start":{"line":73,"column":8},"end":{"line":73,"column":69}},"18":{"start":{"line":78,"column":8},"end":{"line":78,"column":103}},"19":{"start":{"line":82,"column":8},"end":{"line":82,"column":43}},"20":{"start":{"line":86,"column":8},"end":{"line":86,"column":76}},"21":{"start":{"line":87,"column":8},"end":{"line":87,"column":43}},"22":{"start":{"line":91,"column":8},"end":{"line":91,"column":51}},"23":{"start":{"line":95,"column":8},"end":{"line":95,"column":69}}},"branchMap":{"1":{"line":36,"type":"if","locations":[{"start":{"line":36,"column":8},"end":{"line":36,"column":8}},{"start":{"line":36,"column":8},"end":{"line":36,"column":8}}]},"2":{"line":59,"type":"if","locations":[{"start":{"line":59,"column":8},"end":{"line":59,"column":8}},{"start":{"line":59,"column":8},"end":{"line":59,"column":8}}]},"3":{"line":63,"type":"if","locations":[{"start":{"line":63,"column":8},"end":{"line":63,"column":8}},{"start":{"line":63,"column":8},"end":{"line":63,"column":8}}]},"4":{"line":64,"type":"if","locations":[{"start":{"line":64,"column":8},"end":{"line":64,"column":8}},{"start":{"line":64,"column":8},"end":{"line":64,"column":8}}]},"5":{"line":86,"type":"if","locations":[{"start":{"line":86,"column":8},"end":{"line":86,"column":8}},{"start":{"line":86,"column":8},"end":{"line":86,"column":8}}]}}},"contracts/zeta-swap/ZetaCurveSwapDemo.sol":{"l":{"24":0,"25":0,"26":0,"27":0,"31":0,"35":0,"36":0,"37":0,"40":0,"44":0,"46":0,"47":0,"49":0,"50":0,"59":0,"61":0,"62":0,"63":0,"64":0,"66":0,"67":0,"68":0,"70":0,"72":0},"path":"/Users/andresaiello/git/zeta/zetachain/packages/zevm-app-contracts/contracts/zeta-swap/ZetaCurveSwapDemo.sol","s":{"1":0,"2":0,"3":0,"4":0,"5":0,"6":0,"7":0,"8":0,"9":0,"10":0,"11":0,"12":0,"13":0,"14":0,"15":0,"16":0,"17":0,"18":0,"19":0,"20":0,"21":0,"22":0,"23":0},"b":{"1":[0,0],"2":[0,0],"3":[0,0],"4":[0,0],"5":[0,0]},"f":{"1":0,"2":0,"3":0,"4":0,"5":0},"fnMap":{"1":{"name":"constructor","line":23,"loc":{"start":{"line":23,"column":4},"end":{"line":28,"column":4}}},"2":{"name":"encode","line":30,"loc":{"start":{"line":30,"column":4},"end":{"line":32,"column":4}}},"3":{"name":"addr2idx","line":34,"loc":{"start":{"line":34,"column":4},"end":{"line":41,"column":4}}},"4":{"name":"_doWithdrawal","line":43,"loc":{"start":{"line":43,"column":4},"end":{"line":51,"column":4}}},"5":{"name":"onCrossChainCall","line":53,"loc":{"start":{"line":53,"column":4},"end":{"line":73,"column":4}}}},"statementMap":{"1":{"start":{"line":24,"column":8},"end":{"line":24,"column":737}},"2":{"start":{"line":26,"column":8},"end":{"line":26,"column":27}},"3":{"start":{"line":27,"column":8},"end":{"line":27,"column":26}},"4":{"start":{"line":31,"column":8},"end":{"line":31,"column":57}},"5":{"start":{"line":35,"column":8},"end":{"line":35,"column":1182}},"6":{"start":{"line":36,"column":12},"end":{"line":36,"column":1232}},"7":{"start":{"line":37,"column":16},"end":{"line":37,"column":24}},"8":{"start":{"line":40,"column":8},"end":{"line":40,"column":17}},"9":{"start":{"line":44,"column":8},"end":{"line":44,"column":81}},"10":{"start":{"line":46,"column":8},"end":{"line":46,"column":62}},"11":{"start":{"line":47,"column":8},"end":{"line":47,"column":59}},"12":{"start":{"line":49,"column":8},"end":{"line":49,"column":55}},"13":{"start":{"line":50,"column":8},"end":{"line":50,"column":82}},"14":{"start":{"line":59,"column":8},"end":{"line":59,"column":102}},"15":{"start":{"line":61,"column":8},"end":{"line":61,"column":48}},"16":{"start":{"line":62,"column":8},"end":{"line":62,"column":22}},"17":{"start":{"line":63,"column":8},"end":{"line":63,"column":28}},"18":{"start":{"line":64,"column":8},"end":{"line":64,"column":55}},"19":{"start":{"line":66,"column":8},"end":{"line":66,"column":35}},"20":{"start":{"line":67,"column":8},"end":{"line":67,"column":41}},"21":{"start":{"line":68,"column":8},"end":{"line":68,"column":73}},"22":{"start":{"line":70,"column":8},"end":{"line":70,"column":76}},"23":{"start":{"line":72,"column":8},"end":{"line":72,"column":56}}},"branchMap":{"1":{"line":24,"type":"if","locations":[{"start":{"line":24,"column":8},"end":{"line":24,"column":8}},{"start":{"line":24,"column":8},"end":{"line":24,"column":8}}]},"2":{"line":36,"type":"if","locations":[{"start":{"line":36,"column":12},"end":{"line":36,"column":12}},{"start":{"line":36,"column":12},"end":{"line":36,"column":12}}]},"3":{"line":46,"type":"if","locations":[{"start":{"line":46,"column":8},"end":{"line":46,"column":8}},{"start":{"line":46,"column":8},"end":{"line":46,"column":8}}]},"4":{"line":47,"type":"if","locations":[{"start":{"line":47,"column":8},"end":{"line":47,"column":8}},{"start":{"line":47,"column":8},"end":{"line":47,"column":8}}]},"5":{"line":68,"type":"if","locations":[{"start":{"line":68,"column":8},"end":{"line":68,"column":8}},{"start":{"line":68,"column":8},"end":{"line":68,"column":8}}]}}},"contracts/zeta-swap/ZetaSwap.sol":{"l":{"13":6,"17":1,"18":1,"27":1,"31":1,"40":1},"path":"/Users/andresaiello/git/zeta/zetachain/packages/zevm-app-contracts/contracts/zeta-swap/ZetaSwap.sol","s":{"1":6,"2":1,"3":1,"4":1,"5":1},"b":{"1":[1,0]},"f":{"1":6,"2":1,"3":1},"fnMap":{"1":{"name":"constructor","line":12,"loc":{"start":{"line":12,"column":4},"end":{"line":14,"column":4}}},"2":{"name":"onlySystem","line":16,"loc":{"start":{"line":16,"column":4},"end":{"line":19,"column":4}}},"3":{"name":"onCrossChainCall","line":26,"loc":{"start":{"line":21,"column":4},"end":{"line":41,"column":4}}}},"statementMap":{"1":{"start":{"line":13,"column":8},"end":{"line":13,"column":61}},"2":{"start":{"line":17,"column":8},"end":{"line":17,"column":100}},"3":{"start":{"line":27,"column":8},"end":{"line":27,"column":812}},"4":{"start":{"line":31,"column":8},"end":{"line":31,"column":970}},"5":{"start":{"line":40,"column":8},"end":{"line":40,"column":73}}},"branchMap":{"1":{"line":17,"type":"if","locations":[{"start":{"line":17,"column":8},"end":{"line":17,"column":8}},{"start":{"line":17,"column":8},"end":{"line":17,"column":8}}]}}},"contracts/zeta-swap/ZetaSwapBtcInbound.sol":{"l":{"14":6,"18":1,"19":1,"28":1,"29":1,"30":1,"32":1,"41":1},"path":"/Users/andresaiello/git/zeta/zetachain/packages/zevm-app-contracts/contracts/zeta-swap/ZetaSwapBtcInbound.sol","s":{"1":6,"2":1,"3":1,"4":1,"5":1,"6":1,"7":1},"b":{"1":[1,0]},"f":{"1":6,"2":1,"3":1},"fnMap":{"1":{"name":"constructor","line":13,"loc":{"start":{"line":13,"column":4},"end":{"line":15,"column":4}}},"2":{"name":"onlySystem","line":17,"loc":{"start":{"line":17,"column":4},"end":{"line":20,"column":4}}},"3":{"name":"onCrossChainCall","line":27,"loc":{"start":{"line":22,"column":4},"end":{"line":42,"column":4}}}},"statementMap":{"1":{"start":{"line":14,"column":8},"end":{"line":14,"column":61}},"2":{"start":{"line":18,"column":8},"end":{"line":18,"column":100}},"3":{"start":{"line":28,"column":8},"end":{"line":28,"column":70}},"4":{"start":{"line":29,"column":8},"end":{"line":29,"column":77}},"5":{"start":{"line":30,"column":8},"end":{"line":30,"column":86}},"6":{"start":{"line":32,"column":8},"end":{"line":32,"column":1101}},"7":{"start":{"line":41,"column":8},"end":{"line":41,"column":104}}},"branchMap":{"1":{"line":18,"type":"if","locations":[{"start":{"line":18,"column":8},"end":{"line":18,"column":8}},{"start":{"line":18,"column":8},"end":{"line":18,"column":8}}]}}}}