{"contracts/multi-chain-value/MultiChainValue.sol":{"l":{"34":36,"35":36,"42":21,"44":20,"51":2,"53":1,"60":1,"62":1,"63":1,"65":1,"66":1,"67":1,"69":1,"85":3,"86":2,"88":1,"89":1,"90":1,"92":1,"105":1,"107":1,"108":1,"109":1},"path":"/Users/andresaiello/git/zeta/zetachain/packages/zeta-app-contracts/contracts/multi-chain-value/MultiChainValue.sol","s":{"1":36,"2":36,"3":21,"4":20,"5":2,"6":1,"7":1,"8":1,"9":1,"10":1,"11":1,"12":1,"13":3,"14":2,"15":1,"16":1,"17":1,"18":1,"19":1,"20":1,"21":1,"22":1},"b":{"1":[0,36],"2":[1,20],"3":[1,1],"4":[0,1],"5":[0,1],"6":[0,1],"7":[1,2],"8":[1,1],"9":[0,1],"10":[0,1]},"f":{"1":36,"2":21,"3":2,"4":1,"5":3,"6":1},"fnMap":{"1":{"name":"constructor","line":33,"loc":{"start":{"line":33,"column":4},"end":{"line":36,"column":4}}},"2":{"name":"addAvailableChainId","line":41,"loc":{"start":{"line":41,"column":4},"end":{"line":45,"column":4}}},"3":{"name":"removeAvailableChainId","line":50,"loc":{"start":{"line":50,"column":4},"end":{"line":54,"column":4}}},"4":{"name":"sendZeta","line":59,"loc":{"start":{"line":59,"column":4},"end":{"line":79,"column":4}}},"5":{"name":"send","line":84,"loc":{"start":{"line":84,"column":4},"end":{"line":102,"column":4}}},"6":{"name":"onZetaRevert","line":104,"loc":{"start":{"line":104,"column":4},"end":{"line":110,"column":4}}}},"statementMap":{"1":{"start":{"line":34,"column":8},"end":{"line":34,"column":78}},"2":{"start":{"line":35,"column":8},"end":{"line":35,"column":29}},"3":{"start":{"line":42,"column":8},"end":{"line":42,"column":81}},"4":{"start":{"line":44,"column":8},"end":{"line":44,"column":51}},"5":{"start":{"line":51,"column":8},"end":{"line":51,"column":80}},"6":{"start":{"line":60,"column":8},"end":{"line":60,"column":43}},"7":{"start":{"line":62,"column":8},"end":{"line":62,"column":86}},"8":{"start":{"line":63,"column":8},"end":{"line":63,"column":65}},"9":{"start":{"line":65,"column":8},"end":{"line":65,"column":58}},"10":{"start":{"line":66,"column":8},"end":{"line":66,"column":87}},"11":{"start":{"line":67,"column":8},"end":{"line":67,"column":53}},"12":{"start":{"line":69,"column":8},"end":{"line":69,"column":2502}},"13":{"start":{"line":85,"column":8},"end":{"line":85,"column":86}},"14":{"start":{"line":86,"column":8},"end":{"line":86,"column":65}},"15":{"start":{"line":88,"column":8},"end":{"line":88,"column":87}},"16":{"start":{"line":89,"column":8},"end":{"line":89,"column":99}},"17":{"start":{"line":90,"column":8},"end":{"line":90,"column":67}},"18":{"start":{"line":92,"column":8},"end":{"line":92,"column":3536}},"19":{"start":{"line":105,"column":8},"end":{"line":105,"column":71}},"20":{"start":{"line":107,"column":8},"end":{"line":107,"column":96}},"21":{"start":{"line":108,"column":8},"end":{"line":108,"column":114}},"22":{"start":{"line":109,"column":8},"end":{"line":109,"column":67}}},"branchMap":{"1":{"line":34,"type":"if","locations":[{"start":{"line":34,"column":8},"end":{"line":34,"column":8}},{"start":{"line":34,"column":8},"end":{"line":34,"column":8}}]},"2":{"line":42,"type":"if","locations":[{"start":{"line":42,"column":8},"end":{"line":42,"column":8}},{"start":{"line":42,"column":8},"end":{"line":42,"column":8}}]},"3":{"line":51,"type":"if","locations":[{"start":{"line":51,"column":8},"end":{"line":51,"column":8}},{"start":{"line":51,"column":8},"end":{"line":51,"column":8}}]},"4":{"line":62,"type":"if","locations":[{"start":{"line":62,"column":8},"end":{"line":62,"column":8}},{"start":{"line":62,"column":8},"end":{"line":62,"column":8}}]},"5":{"line":63,"type":"if","locations":[{"start":{"line":63,"column":8},"end":{"line":63,"column":8}},{"start":{"line":63,"column":8},"end":{"line":63,"column":8}}]},"6":{"line":67,"type":"if","locations":[{"start":{"line":67,"column":8},"end":{"line":67,"column":8}},{"start":{"line":67,"column":8},"end":{"line":67,"column":8}}]},"7":{"line":85,"type":"if","locations":[{"start":{"line":85,"column":8},"end":{"line":85,"column":8}},{"start":{"line":85,"column":8},"end":{"line":85,"column":8}}]},"8":{"line":86,"type":"if","locations":[{"start":{"line":86,"column":8},"end":{"line":86,"column":8}},{"start":{"line":86,"column":8},"end":{"line":86,"column":8}}]},"9":{"line":90,"type":"if","locations":[{"start":{"line":90,"column":8},"end":{"line":90,"column":8}},{"start":{"line":90,"column":8},"end":{"line":90,"column":8}}]},"10":{"line":109,"type":"if","locations":[{"start":{"line":109,"column":8},"end":{"line":109,"column":8}},{"start":{"line":109,"column":8},"end":{"line":109,"column":8}}]}}},"contracts/multi-chain-value/test/MultiChainValueMock.sol":{"l":{},"path":"/Users/andresaiello/git/zeta/zetachain/packages/zeta-app-contracts/contracts/multi-chain-value/test/MultiChainValueMock.sol","s":{},"b":{},"f":{"1":36},"fnMap":{"1":{"name":"constructor","line":7,"loc":{"start":{"line":7,"column":4},"end":{"line":7,"column":119}}}},"statementMap":{},"branchMap":{}},"contracts/multi-chain-value/test/ZetaConnectorMock.sol":{"l":{"17":2,"36":1},"path":"/Users/andresaiello/git/zeta/zetachain/packages/zeta-app-contracts/contracts/multi-chain-value/test/ZetaConnectorMock.sol","s":{"1":2,"2":1},"b":{},"f":{"1":2,"2":1},"fnMap":{"1":{"name":"send","line":16,"loc":{"start":{"line":16,"column":4},"end":{"line":25,"column":4}}},"2":{"name":"onRevert","line":27,"loc":{"start":{"line":27,"column":4},"end":{"line":46,"column":4}}}},"statementMap":{"1":{"start":{"line":17,"column":8},"end":{"line":17,"column":501}},"2":{"start":{"line":36,"column":8},"end":{"line":36,"column":1031}}},"branchMap":{}},"contracts/shared/ImmutableCreate2Factory.sol":{"l":{},"path":"/Users/andresaiello/git/zeta/zetachain/packages/zeta-app-contracts/contracts/shared/ImmutableCreate2Factory.sol","s":{},"b":{},"f":{},"fnMap":{},"statementMap":{},"branchMap":{}},"contracts/shared/IWZeta.sol":{"l":{},"path":"/Users/andresaiello/git/zeta/zetachain/packages/zeta-app-contracts/contracts/shared/IWZeta.sol","s":{},"b":{},"f":{},"fnMap":{},"statementMap":{},"branchMap":{}},"contracts/shared/ZetaEthMock.sol":{"l":{"10":0,"14":36},"path":"/Users/andresaiello/git/zeta/zetachain/packages/zeta-app-contracts/contracts/shared/ZetaEthMock.sol","s":{"1":36,"2":1},"b":{},"f":{"1":0,"2":36},"fnMap":{"1":{"name":"constructor","line":9,"loc":{"start":{"line":9,"column":4},"end":{"line":11,"column":4}}},"2":{"name":"deposit","line":13,"loc":{"start":{"line":13,"column":4},"end":{"line":15,"column":4}}}},"statementMap":{"1":{"start":{"line":10,"column":8},"end":{"line":10,"column":66}},"2":{"start":{"line":14,"column":8},"end":{"line":14,"column":37}}},"branchMap":{}}}